26-Nov-2024 17:04:15.298 INFO [main] org.apache.catalina.startup.VersionLoggerListener.log Server version name:   Apache Tomcat/9.0.97
26-Nov-2024 17:04:15.300 INFO [main] org.apache.catalina.startup.VersionLoggerListener.log Server built:          Nov 6 2024 19:55:19 UTC
26-Nov-2024 17:04:15.300 INFO [main] org.apache.catalina.startup.VersionLoggerListener.log Server version number: 9.0.97.0
26-Nov-2024 17:04:15.300 INFO [main] org.apache.catalina.startup.VersionLoggerListener.log OS Name:               Mac OS X
26-Nov-2024 17:04:15.300 INFO [main] org.apache.catalina.startup.VersionLoggerListener.log OS Version:            13.1
26-Nov-2024 17:04:15.300 INFO [main] org.apache.catalina.startup.VersionLoggerListener.log Architecture:          aarch64
26-Nov-2024 17:04:15.300 INFO [main] org.apache.catalina.startup.VersionLoggerListener.log Java Home:             /Users/codecadet/Library/Java/JavaVirtualMachines/corretto-19.0.2/Contents/Home
26-Nov-2024 17:04:15.301 INFO [main] org.apache.catalina.startup.VersionLoggerListener.log JVM Version:           19.0.2+7-FR
26-Nov-2024 17:04:15.301 INFO [main] org.apache.catalina.startup.VersionLoggerListener.log JVM Vendor:            Amazon.com Inc.
26-Nov-2024 17:04:15.301 INFO [main] org.apache.catalina.startup.VersionLoggerListener.log CATALINA_BASE:         /Users/codecadet/Documents/apache-tomcat-9.0.97
26-Nov-2024 17:04:15.301 INFO [main] org.apache.catalina.startup.VersionLoggerListener.log CATALINA_HOME:         /Users/codecadet/Documents/apache-tomcat-9.0.97
26-Nov-2024 17:04:15.314 INFO [main] org.apache.catalina.startup.VersionLoggerListener.log Command line argument: --add-opens=java.base/java.lang=ALL-UNNAMED
26-Nov-2024 17:04:15.315 INFO [main] org.apache.catalina.startup.VersionLoggerListener.log Command line argument: --add-opens=java.base/java.io=ALL-UNNAMED
26-Nov-2024 17:04:15.315 INFO [main] org.apache.catalina.startup.VersionLoggerListener.log Command line argument: --add-opens=java.base/java.util=ALL-UNNAMED
26-Nov-2024 17:04:15.315 INFO [main] org.apache.catalina.startup.VersionLoggerListener.log Command line argument: --add-opens=java.base/java.util.concurrent=ALL-UNNAMED
26-Nov-2024 17:04:15.315 INFO [main] org.apache.catalina.startup.VersionLoggerListener.log Command line argument: --add-opens=java.rmi/sun.rmi.transport=ALL-UNNAMED
26-Nov-2024 17:04:15.315 INFO [main] org.apache.catalina.startup.VersionLoggerListener.log Command line argument: -Djava.util.logging.config.file=/Users/codecadet/Documents/apache-tomcat-9.0.97/conf/logging.properties
26-Nov-2024 17:04:15.315 INFO [main] org.apache.catalina.startup.VersionLoggerListener.log Command line argument: -Djava.util.logging.manager=org.apache.juli.ClassLoaderLogManager
26-Nov-2024 17:04:15.315 INFO [main] org.apache.catalina.startup.VersionLoggerListener.log Command line argument: -Djdk.tls.ephemeralDHKeySize=2048
26-Nov-2024 17:04:15.315 INFO [main] org.apache.catalina.startup.VersionLoggerListener.log Command line argument: -Djava.protocol.handler.pkgs=org.apache.catalina.webresources
26-Nov-2024 17:04:15.315 INFO [main] org.apache.catalina.startup.VersionLoggerListener.log Command line argument: -Dorg.apache.catalina.security.SecurityListener.UMASK=0027
26-Nov-2024 17:04:15.315 INFO [main] org.apache.catalina.startup.VersionLoggerListener.log Command line argument: -Dignore.endorsed.dirs=
26-Nov-2024 17:04:15.315 INFO [main] org.apache.catalina.startup.VersionLoggerListener.log Command line argument: -Dcatalina.base=/Users/codecadet/Documents/apache-tomcat-9.0.97
26-Nov-2024 17:04:15.315 INFO [main] org.apache.catalina.startup.VersionLoggerListener.log Command line argument: -Dcatalina.home=/Users/codecadet/Documents/apache-tomcat-9.0.97
26-Nov-2024 17:04:15.315 INFO [main] org.apache.catalina.startup.VersionLoggerListener.log Command line argument: -Djava.io.tmpdir=/Users/codecadet/Documents/apache-tomcat-9.0.97/temp
26-Nov-2024 17:04:15.320 INFO [main] org.apache.catalina.core.AprLifecycleListener.lifecycleEvent The Apache Tomcat Native library which allows using OpenSSL was not found on the java.library.path: [/Users/codecadet/Library/Java/Extensions:/Library/Java/Extensions:/Network/Library/Java/Extensions:/System/Library/Java/Extensions:/usr/lib/java:.]
26-Nov-2024 17:04:15.508 INFO [main] org.apache.coyote.AbstractProtocol.init Initializing ProtocolHandler ["http-nio-8080"]
26-Nov-2024 17:04:15.527 INFO [main] org.apache.catalina.startup.Catalina.load Server initialization in [318] milliseconds
26-Nov-2024 17:04:15.546 INFO [main] org.apache.catalina.core.StandardService.startInternal Starting service [Catalina]
26-Nov-2024 17:04:15.547 INFO [main] org.apache.catalina.core.StandardEngine.startInternal Starting Servlet engine: [Apache Tomcat/9.0.97]
26-Nov-2024 17:04:15.551 INFO [main] org.apache.catalina.startup.HostConfig.deployDirectory Deploying web application directory [/Users/codecadet/Documents/apache-tomcat-9.0.97/webapps/docs]
26-Nov-2024 17:04:15.674 INFO [main] org.apache.catalina.startup.HostConfig.deployDirectory Deployment of web application directory [/Users/codecadet/Documents/apache-tomcat-9.0.97/webapps/docs] has finished in [123] ms
26-Nov-2024 17:04:15.675 INFO [main] org.apache.catalina.startup.HostConfig.deployDirectory Deploying web application directory [/Users/codecadet/Documents/apache-tomcat-9.0.97/webapps/manager]
26-Nov-2024 17:04:15.693 INFO [main] org.apache.catalina.startup.HostConfig.deployDirectory Deployment of web application directory [/Users/codecadet/Documents/apache-tomcat-9.0.97/webapps/manager] has finished in [18] ms
26-Nov-2024 17:04:15.693 INFO [main] org.apache.catalina.startup.HostConfig.deployDirectory Deploying web application directory [/Users/codecadet/Documents/apache-tomcat-9.0.97/webapps/examples]
26-Nov-2024 17:04:15.806 INFO [main] org.apache.catalina.startup.HostConfig.deployDirectory Deployment of web application directory [/Users/codecadet/Documents/apache-tomcat-9.0.97/webapps/examples] has finished in [113] ms
26-Nov-2024 17:04:15.806 INFO [main] org.apache.catalina.startup.HostConfig.deployDirectory Deploying web application directory [/Users/codecadet/Documents/apache-tomcat-9.0.97/webapps/ROOT]
26-Nov-2024 17:04:15.820 INFO [main] org.apache.catalina.startup.HostConfig.deployDirectory Deployment of web application directory [/Users/codecadet/Documents/apache-tomcat-9.0.97/webapps/ROOT] has finished in [14] ms
26-Nov-2024 17:04:15.820 INFO [main] org.apache.catalina.startup.HostConfig.deployDirectory Deploying web application directory [/Users/codecadet/Documents/apache-tomcat-9.0.97/webapps/host-manager]
26-Nov-2024 17:04:15.831 INFO [main] org.apache.catalina.startup.HostConfig.deployDirectory Deployment of web application directory [/Users/codecadet/Documents/apache-tomcat-9.0.97/webapps/host-manager] has finished in [10] ms
26-Nov-2024 17:04:15.833 INFO [main] org.apache.coyote.AbstractProtocol.start Starting ProtocolHandler ["http-nio-8080"]
26-Nov-2024 17:04:15.840 INFO [main] org.apache.catalina.startup.Catalina.start Server startup in [312] milliseconds
